NGUYEN CAT TUONG
HO THANH TRUC
NGUYEN TRAN KIM NGAN
TRAN TUYET MAI
NGUYEN HOANG KHANH LAM
DANG THI DIEM QUYNH
TRUONG MINH HANG
TA TRIEU THU THUY
NGUYEN DUC TRI
TANG HUYNH NGOC ANH
DO PHUONG THAO
DO NGOC MINH CHAU
PHAM TRAN MINH HIEU
LE KHOA
DINH TRAN QUYNH NHU
NGUYEN HOANG TRINH
NGUYEN PHAM BAO NGOC
LE THI CAM LY
PHAM HUYNH KHAC DUY
HUYNH PHUC KHANG
ON MINH NHA
HO QUOC DAT
CHU NHAT HUY
PHAM BINH MINH
PHAM MINH PHUONG
TRAN TUAN KIET
LY GIA HAN
VU DINH KHOI
NGUYEN THANH HAI
HUYNH NGOC KHANH NGAN
NGUYEN HUU HOANG
NGUYEN DUC TRI
NGUYEN THANH PHUC
TRAN THANH DAT
TRAN HUU LOC
TRAN HOA
LUU DUY KHANG
NGUYEN DUY QUANG
ON GIA HUY
PHAM HO MINH QUANG
NGUYEN PHAN KIM DAT
PHAN TAN HOA
NGUYEN NGO DANG PHUC
DONG THANH NGAN
